[INFO ] 2019-05-13 10:18:00.201 [scheduling-1] LatinMockLogger - Peto, ut id retreive: 861121-8283
[INFO ] 2019-05-13 10:18:00.201 [scheduling-1] LatinMockLogger - Receptum usor: Hortensia Windler
[INFO ] 2019-05-13 10:18:00.201 [scheduling-1] LatinMockLogger - Adaequationis oratio - vetus inscriptio: Apt. 222 99945 Mayer Stravenue, Lynetteport, IN 05272
[INFO ] 2019-05-13 10:18:00.201 [scheduling-1] LatinMockLogger - Adaequationis oratio - novus oratio: 62727 Hackett Pine, North Shaquana, IN 47674
[INFO ] 2019-05-13 10:18:00.201 [scheduling-1] LatinMockLogger - Peto, ut id retreive: 341016-7435
[FATAL] 2019-05-13 10:18:00.201 [scheduling-1] LatinMockLogger - Receptum usor: Harris Trantow
[INFO ] 2019-05-13 10:18:00.201 [scheduling-1] LatinMockLogger - PhoneNumber adaequationis - vetus phoneNumber: 206.025.1485 x255
[INFO ] 2019-05-13 10:18:00.201 [scheduling-1] LatinMockLogger - PhoneNumber adaequationis - novus phoneNumber: (524) 093-2755 x37237
[INFO ] 2019-05-13 10:18:00.201 [scheduling-1] LatinMockLogger - Peto, ut id retreive: 550109+0277
[INFO ] 2019-05-13 10:18:00.201 [scheduling-1] LatinMockLogger - Receptum usor: Jarrod Smith
[TRACE] 2019-05-13 10:18:00.201 [scheduling-1] LatinMockLogger - De translatione: 22.97 € ut IBAN: SK2250889347849864393234
[INFO ] 2019-05-13 10:18:00.201 [scheduling-1] LatinMockLogger - Peto, ut id retreive: 380103-4723
[INFO ] 2019-05-13 10:18:00.201 [scheduling-1] LatinMockLogger - Receptum usor: Trevor Jacobs
[INFO ] 2019-05-13 10:18:00.201 [scheduling-1] LatinMockLogger - Adaequationis oratio - vetus inscriptio: Apt. 181 9630 Hettinger Well, Dottyville, NE 76843-6854
[INFO ] 2019-05-13 10:18:00.201 [scheduling-1] LatinMockLogger - Adaequationis oratio - novus oratio: 1813 Clayton Circles, Nakishachester, WI 72806
[DEBUG] 2019-05-13 10:18:00.201 [scheduling-1] LatinMockLogger - Peto, ut id retreive: 290903+6713
[INFO ] 2019-05-13 10:18:00.201 [scheduling-1] LatinMockLogger - Receptum usor: Fae Leannon
[INFO ] 2019-05-13 10:18:00.201 [scheduling-1] LatinMockLogger - PhoneNumber adaequationis - vetus phoneNumber: 813.731.4802 x43341
[INFO ] 2019-05-13 10:18:00.201 [scheduling-1] LatinMockLogger - PhoneNumber adaequationis - novus phoneNumber: 995.967.8355
[INFO ] 2019-05-13 10:18:00.201 [scheduling-1] LatinMockLogger - Peto, ut id retreive: 700826+9651
[ERROR] 2019-05-13 10:18:00.201 [scheduling-1] LatinMockLogger - Receptum usor: Mr. Del Metz
[INFO ] 2019-05-13 10:18:00.201 [scheduling-1] LatinMockLogger - De translatione: 85.91 € ut IBAN: CH60669633sUr9xAbkuM0
[INFO ] 2019-05-13 10:18:00.201 [scheduling-1] LatinMockLogger - Peto, ut id retreive: 030304-4218
[INFO ] 2019-05-13 10:18:00.201 [scheduling-1] LatinMockLogger - Receptum usor: Rayna Douglas
[INFO ] 2019-05-13 10:18:00.201 [scheduling-1] LatinMockLogger - Adaequationis oratio - vetus inscriptio: Apt. 568 281 Jarred Lodge, Port Hoseaburgh, ND 90403-7703
[WARN ] 2019-05-13 10:18:00.201 [scheduling-1] LatinMockLogger - Adaequationis oratio - novus oratio: Apt. 369 688 Grace Point, Schmidtville, WI 60743
[INFO ] 2019-05-13 10:18:00.201 [scheduling-1] LatinMockLogger - Peto, ut id retreive: 740730-4778
[INFO ] 2019-05-13 10:18:00.201 [scheduling-1] LatinMockLogger - Receptum usor: Marivel Ratke
[INFO ] 2019-05-13 10:18:00.201 [scheduling-1] LatinMockLogger - PhoneNumber adaequationis - vetus phoneNumber: (070) 651-2691
[INFO ] 2019-05-13 10:18:00.201 [scheduling-1] LatinMockLogger - PhoneNumber adaequationis - novus phoneNumber: 859-443-1758 x5749
[INFO ] 2019-05-13 10:18:00.201 [scheduling-1] LatinMockLogger - Peto, ut id retreive: 571023+7552
[INFO ] 2019-05-13 10:18:00.201 [scheduling-1] LatinMockLogger - Receptum usor: Alana Balistreri
[INFO ] 2019-05-13 10:18:00.201 [scheduling-1] LatinMockLogger - De translatione: 95.73 € ut IBAN: DO43KNk864996400286380131890
[INFO ] 2019-05-13 10:18:00.201 [scheduling-1] LatinMockLogger - Peto, ut id retreive: 851220-0869
[INFO ] 2019-05-13 10:18:00.201 [scheduling-1] LatinMockLogger - Receptum usor: Nickolas VonRueden
[INFO ] 2019-05-13 10:18:00.201 [scheduling-1] LatinMockLogger - Adaequationis oratio - vetus inscriptio: 71214 Brown Crossroad, Lebsackview, WI 49121
[INFO ] 2019-05-13 10:18:00.201 [scheduling-1] LatinMockLogger - Adaequationis oratio - novus oratio: Apt. 758 05866 Barabara Cliffs, Princeshire, OK 23854
[INFO ] 2019-05-13 10:18:00.201 [scheduling-1] LatinMockLogger - Peto, ut id retreive: 790429+6998
[INFO ] 2019-05-13 10:18:00.201 [scheduling-1] LatinMockLogger - Receptum usor: Miss Shin Will
[INFO ] 2019-05-13 10:18:00.201 [scheduling-1] LatinMockLogger - PhoneNumber adaequationis - vetus phoneNumber: 1-021-546-7565 x8524
[INFO ] 2019-05-13 10:18:00.201 [scheduling-1] LatinMockLogger - PhoneNumber adaequationis - novus phoneNumber: 932.811.9059
[INFO ] 2019-05-13 10:18:00.201 [scheduling-1] LatinMockLogger - Peto, ut id retreive: 951024+6409
[INFO ] 2019-05-13 10:18:00.202 [scheduling-1] LatinMockLogger - Receptum usor: Clyde Ratke
[INFO ] 2019-05-13 10:18:00.202 [scheduling-1] LatinMockLogger - De translatione: 94.91 € ut IBAN: MD09JQ0J2o6i0Nj2nP9tipo9
[INFO ] 2019-05-13 10:18:00.202 [scheduling-1] LatinMockLogger - Peto, ut id retreive: 931105-9589
[INFO ] 2019-05-13 10:18:00.202 [scheduling-1] LatinMockLogger - Receptum usor: Adan Moen DDS
[INFO ] 2019-05-13 10:18:00.202 [scheduling-1] LatinMockLogger - Adaequationis oratio - vetus inscriptio: 012 Boyle Fork, Reillybury, KS 69491
[INFO ] 2019-05-13 10:18:00.202 [scheduling-1] LatinMockLogger - Adaequationis oratio - novus oratio: 6831 Jaunita Street, North Sung, IL 26133
[INFO ] 2019-05-13 10:18:00.202 [scheduling-1] LatinMockLogger - Peto, ut id retreive: 630308+6547
[INFO ] 2019-05-13 10:18:00.202 [scheduling-1] LatinMockLogger - Receptum usor: Mr. Micheal Schumm
[INFO ] 2019-05-13 10:18:00.202 [scheduling-1] LatinMockLogger - PhoneNumber adaequationis - vetus phoneNumber: 1-287-802-6503 x30273
[INFO ] 2019-05-13 10:18:00.202 [scheduling-1] LatinMockLogger - PhoneNumber adaequationis - novus phoneNumber: 456-097-9797
[INFO ] 2019-05-13 10:18:00.202 [scheduling-1] LatinMockLogger - Peto, ut id retreive: 530423-1417
[INFO ] 2019-05-13 10:18:00.202 [scheduling-1] LatinMockLogger - Receptum usor: Fredric Zieme
[INFO ] 2019-05-13 10:18:00.202 [scheduling-1] LatinMockLogger - De translatione: 67.83 € ut IBAN: PK83ANTLht60x5JaCdfbQTOu
[INFO ] 2019-05-13 10:18:00.202 [scheduling-1] LatinMockLogger - Peto, ut id retreive: 400428+6045
[INFO ] 2019-05-13 10:18:00.202 [scheduling-1] LatinMockLogger - Receptum usor: Jill Williamson
[INFO ] 2019-05-13 10:18:00.202 [scheduling-1] LatinMockLogger - Adaequationis oratio - vetus inscriptio: 9792 Vance Groves, Faheyton, TN 29986
[INFO ] 2019-05-13 10:18:00.202 [scheduling-1] LatinMockLogger - Adaequationis oratio - novus oratio: 2642 Mayer Station, Pasqualemouth, MA 02989
[INFO ] 2019-05-13 10:18:00.202 [scheduling-1] LatinMockLogger - Peto, ut id retreive: 281227+9483
[INFO ] 2019-05-13 10:18:00.202 [scheduling-1] LatinMockLogger - Receptum usor: Mindy Cremin Jr.
[INFO ] 2019-05-13 10:18:00.202 [scheduling-1] LatinMockLogger - PhoneNumber adaequationis - vetus phoneNumber: 1-352-200-6456
[INFO ] 2019-05-13 10:18:00.202 [scheduling-1] LatinMockLogger - PhoneNumber adaequationis - novus phoneNumber: (909) 189-2191 x672
[INFO ] 2019-05-13 10:18:00.202 [scheduling-1] LatinMockLogger - Peto, ut id retreive: 501102-7256
[INFO ] 2019-05-13 10:18:00.202 [scheduling-1] LatinMockLogger - Receptum usor: Latesha Rowe
[INFO ] 2019-05-13 10:18:00.202 [scheduling-1] LatinMockLogger - De translatione: 67.85 € ut IBAN: SA4120YCGkG1NISQY5CFtqHm
[INFO ] 2019-05-13 10:18:00.202 [scheduling-1] LatinMockLogger - Peto, ut id retreive: 581201+8595
[INFO ] 2019-05-13 10:18:00.202 [scheduling-1] LatinMockLogger - Receptum usor: Lane Franecki I
[INFO ] 2019-05-13 10:18:00.202 [scheduling-1] LatinMockLogger - Adaequationis oratio - vetus inscriptio: 67127 Maple Creek, South Ronny, ND 11096-6138
[INFO ] 2019-05-13 10:18:00.202 [scheduling-1] LatinMockLogger - Adaequationis oratio - novus oratio: 7979 Cronin Glens, Saundraland, ND 69247-6474
[INFO ] 2019-05-13 10:18:00.202 [scheduling-1] LatinMockLogger - Peto, ut id retreive: 570614+5181
[INFO ] 2019-05-13 10:18:00.202 [scheduling-1] LatinMockLogger - Receptum usor: Bridgette Reinger
[INFO ] 2019-05-13 10:18:00.202 [scheduling-1] LatinMockLogger - PhoneNumber adaequationis - vetus phoneNumber: 661-182-4340 x088
[INFO ] 2019-05-13 10:18:00.202 [scheduling-1] LatinMockLogger - PhoneNumber adaequationis - novus phoneNumber: (689) 200-5738 x62931
[INFO ] 2019-05-13 10:18:00.202 [scheduling-1] LatinMockLogger - Peto, ut id retreive: 611119+9540
[INFO ] 2019-05-13 10:18:00.202 [scheduling-1] LatinMockLogger - Receptum usor: Hollis Lowe Jr.
[INFO ] 2019-05-13 10:18:00.202 [scheduling-1] LatinMockLogger - De translatione: 65.42 € ut IBAN: GB21OXQH07231058124982
[INFO ] 2019-05-13 10:18:00.202 [scheduling-1] LatinMockLogger - Peto, ut id retreive: 881122-6268
[INFO ] 2019-05-13 10:18:00.202 [scheduling-1] LatinMockLogger - Receptum usor: Galen Beer
[INFO ] 2019-05-13 10:18:00.202 [scheduling-1] LatinMockLogger - Adaequationis oratio - vetus inscriptio: 954 Hamill Parkway, Lake Julienne, NH 91563
[INFO ] 2019-05-13 10:18:00.202 [scheduling-1] LatinMockLogger - Adaequationis oratio - novus oratio: Suite 070 28415 Nicolas Stream, Bryonshire, GA 77097
[INFO ] 2019-05-13 10:18:00.202 [scheduling-1] LatinMockLogger - Peto, ut id retreive: 080503-1887
[INFO ] 2019-05-13 10:18:00.202 [scheduling-1] LatinMockLogger - Receptum usor: Elijah Yundt
[INFO ] 2019-05-13 10:18:00.202 [scheduling-1] LatinMockLogger - PhoneNumber adaequationis - vetus phoneNumber: 1-762-278-8820 x770
[INFO ] 2019-05-13 10:18:00.202 [scheduling-1] LatinMockLogger - PhoneNumber adaequationis - novus phoneNumber: 219.257.1518
[INFO ] 2019-05-13 10:18:00.202 [scheduling-1] LatinMockLogger - Peto, ut id retreive: 961008-0211
[INFO ] 2019-05-13 10:18:00.202 [scheduling-1] LatinMockLogger - Receptum usor: Mrs. Napoleon Tromp
[INFO ] 2019-05-13 10:18:00.202 [scheduling-1] LatinMockLogger - De translatione: 38.61 € ut IBAN: MK2895291aRSb012d06
[INFO ] 2019-05-13 10:18:00.202 [scheduling-1] LatinMockLogger - Peto, ut id retreive: 510701-0802
[INFO ] 2019-05-13 10:18:00.202 [scheduling-1] LatinMockLogger - Receptum usor: Cristopher Reichel
[INFO ] 2019-05-13 10:18:00.202 [scheduling-1] LatinMockLogger - Adaequationis oratio - vetus inscriptio: 0698 Rice Court, Deweyhaven, OR 86130-3956
[INFO ] 2019-05-13 10:18:00.202 [scheduling-1] LatinMockLogger - Adaequationis oratio - novus oratio: 073 Johana Spurs, West Jazmine, MT 36431
[INFO ] 2019-05-13 10:18:00.202 [scheduling-1] LatinMockLogger - Peto, ut id retreive: 001112+1712
[INFO ] 2019-05-13 10:18:00.202 [scheduling-1] LatinMockLogger - Receptum usor: Ms. Elisa Abbott
[INFO ] 2019-05-13 10:18:00.202 [scheduling-1] LatinMockLogger - PhoneNumber adaequationis - vetus phoneNumber: 426-994-0032 x0607
[INFO ] 2019-05-13 10:18:00.202 [scheduling-1] LatinMockLogger - PhoneNumber adaequationis - novus phoneNumber: 027.174.9740
[INFO ] 2019-05-13 10:18:00.202 [scheduling-1] LatinMockLogger - Peto, ut id retreive: 620528-7755
[INFO ] 2019-05-13 10:18:00.202 [scheduling-1] LatinMockLogger - Receptum usor: Osvaldo Jaskolski PhD
[INFO ] 2019-05-13 10:18:00.202 [scheduling-1] LatinMockLogger - De translatione: 50.30 € ut IBAN: UA3212591864CYFRg41kOnUAD52iA
[INFO ] 2019-05-13 10:18:00.202 [scheduling-1] LatinMockLogger - Peto, ut id retreive: 440416+9601
[INFO ] 2019-05-13 10:18:00.202 [scheduling-1] LatinMockLogger - Receptum usor: Adah Lynch
[INFO ] 2019-05-13 10:18:00.202 [scheduling-1] LatinMockLogger - Adaequationis oratio - vetus inscriptio: Apt. 752 3480 Armstrong Crescent, North Reid, UT 92418-5003
[INFO ] 2019-05-13 10:18:00.202 [scheduling-1] LatinMockLogger - Adaequationis oratio - novus oratio: 96403 Laurinda Roads, New Seema, TX 01376-4012
[INFO ] 2019-05-13 10:18:00.202 [scheduling-1] LatinMockLogger - Peto, ut id retreive: 110408+6911
[INFO ] 2019-05-13 10:18:00.202 [scheduling-1] LatinMockLogger - Receptum usor: Mrs. Bobbye Wehner
[INFO ] 2019-05-13 10:18:00.202 [scheduling-1] LatinMockLogger - PhoneNumber adaequationis - vetus phoneNumber: 751-850-8009 x1617
[INFO ] 2019-05-13 10:18:00.202 [scheduling-1] LatinMockLogger - PhoneNumber adaequationis - novus phoneNumber: 1-963-624-8055 x61915
[INFO ] 2019-05-13 10:18:00.202 [scheduling-1] LatinMockLogger - Peto, ut id retreive: 251022+4823
[INFO ] 2019-05-13 10:18:00.202 [scheduling-1] LatinMockLogger - Receptum usor: Truman Sipes
[INFO ] 2019-05-13 10:18:00.202 [scheduling-1] LatinMockLogger - De translatione: 42.91 € ut IBAN: SE6699108723896526455831
[INFO ] 2019-05-13 10:18:00.202 [scheduling-1] LatinMockLogger - Peto, ut id retreive: 021128+0763
[INFO ] 2019-05-13 10:18:00.202 [scheduling-1] LatinMockLogger - Receptum usor: Dr. Athena Sawayn
[INFO ] 2019-05-13 10:18:00.202 [scheduling-1] LatinMockLogger - Adaequationis oratio - vetus inscriptio: 5595 Goodwin Flat, Busterchester, ID 14521-1756
[INFO ] 2019-05-13 10:18:00.203 [scheduling-1] LatinMockLogger - Adaequationis oratio - novus oratio: Suite 733 45181 Kshlerin Forge, Willowstad, ID 38352-2593
[INFO ] 2019-05-13 10:18:00.203 [scheduling-1] LatinMockLogger - Peto, ut id retreive: 741112-0186
[INFO ] 2019-05-13 10:18:00.203 [scheduling-1] LatinMockLogger - Receptum usor: Dr. Tora West
[INFO ] 2019-05-13 10:18:00.203 [scheduling-1] LatinMockLogger - PhoneNumber adaequationis - vetus phoneNumber: 346-053-6707 x01440
[INFO ] 2019-05-13 10:18:00.203 [scheduling-1] LatinMockLogger - PhoneNumber adaequationis - novus phoneNumber: 295-823-3033 x7991
[INFO ] 2019-05-13 10:18:00.203 [scheduling-1] LatinMockLogger - Peto, ut id retreive: 560806-8291
[INFO ] 2019-05-13 10:18:00.203 [scheduling-1] LatinMockLogger - Receptum usor: Warren Bauch
[INFO ] 2019-05-13 10:18:00.203 [scheduling-1] LatinMockLogger - De translatione: 31.44 € ut IBAN: SM36N3613705989hgB0trZRk79h
[INFO ] 2019-05-13 10:18:00.203 [scheduling-1] LatinMockLogger - Peto, ut id retreive: 040214-3648
[INFO ] 2019-05-13 10:18:00.203 [scheduling-1] LatinMockLogger - Receptum usor: Venita Moore
[INFO ] 2019-05-13 10:18:00.203 [scheduling-1] LatinMockLogger - Adaequationis oratio - vetus inscriptio: Suite 145 62776 Dach Ways, South Emmaline, NE 24688
[INFO ] 2019-05-13 10:18:00.203 [scheduling-1] LatinMockLogger - Adaequationis oratio - novus oratio: Suite 585 3043 Howe Lights, Jacobsonhaven, NY 82612-7852
[INFO ] 2019-05-13 10:18:00.203 [scheduling-1] LatinMockLogger - Peto, ut id retreive: 540411-9066
[INFO ] 2019-05-13 10:18:00.203 [scheduling-1] LatinMockLogger - Receptum usor: Claudio Larkin
[INFO ] 2019-05-13 10:18:00.203 [scheduling-1] LatinMockLogger - PhoneNumber adaequationis - vetus phoneNumber: 502.125.9684 x638
[INFO ] 2019-05-13 10:18:00.203 [scheduling-1] LatinMockLogger - PhoneNumber adaequationis - novus phoneNumber: 557.772.7799
[INFO ] 2019-05-13 10:18:00.203 [scheduling-1] LatinMockLogger - Peto, ut id retreive: 070916+4073
[INFO ] 2019-05-13 10:18:00.203 [scheduling-1] LatinMockLogger - Receptum usor: Mr. Ivette Bechtelar
[INFO ] 2019-05-13 10:18:00.203 [scheduling-1] LatinMockLogger - De translatione: 34.17 € ut IBAN: FR8872076543797iPzEIeIQa330
[INFO ] 2019-05-13 10:18:00.203 [scheduling-1] LatinMockLogger - Peto, ut id retreive: 710514+2728
[INFO ] 2019-05-13 10:18:00.203 [scheduling-1] LatinMockLogger - Receptum usor: Salvatore Johns
[INFO ] 2019-05-13 10:18:00.203 [scheduling-1] LatinMockLogger - Adaequationis oratio - vetus inscriptio: Apt. 398 69968 Erminia Burgs, Gerholdbury, VA 40642
[INFO ] 2019-05-13 10:18:00.203 [scheduling-1] LatinMockLogger - Adaequationis oratio - novus oratio: 711 Mosciski Alley, North Shawnna, WA 77416-4139
[INFO ] 2019-05-13 10:18:00.203 [scheduling-1] LatinMockLogger - Peto, ut id retreive: 441122+3516
[INFO ] 2019-05-13 10:18:00.203 [scheduling-1] LatinMockLogger - Receptum usor: Lakeesha Cole
[INFO ] 2019-05-13 10:18:00.203 [scheduling-1] LatinMockLogger - PhoneNumber adaequationis - vetus phoneNumber: 1-836-885-8784
[INFO ] 2019-05-13 10:18:00.203 [scheduling-1] LatinMockLogger - PhoneNumber adaequationis - novus phoneNumber: 379.335.2302 x001
[INFO ] 2019-05-13 10:18:00.203 [scheduling-1] LatinMockLogger - Peto, ut id retreive: 130413-2739
[INFO ] 2019-05-13 10:18:00.203 [scheduling-1] LatinMockLogger - Receptum usor: Leola Homenick
[INFO ] 2019-05-13 10:18:00.203 [scheduling-1] LatinMockLogger - De translatione: 93.85 € ut IBAN: IS987301515819719604422461
[INFO ] 2019-05-13 10:18:00.203 [scheduling-1] LatinMockLogger - Peto, ut id retreive: 580821+4711
[INFO ] 2019-05-13 10:18:00.203 [scheduling-1] LatinMockLogger - Receptum usor: Herb Toy Sr.
[INFO ] 2019-05-13 10:18:00.203 [scheduling-1] LatinMockLogger - Adaequationis oratio - vetus inscriptio: 55521 Cronin Road, Port Larryhaven, DE 50981-4327
[INFO ] 2019-05-13 10:18:00.203 [scheduling-1] LatinMockLogger - Adaequationis oratio - novus oratio: 118 Konopelski Fields, Shalandaborough, CO 64166
[INFO ] 2019-05-13 10:18:00.203 [scheduling-1] LatinMockLogger - Peto, ut id retreive: 371219+8260
[INFO ] 2019-05-13 10:18:00.203 [scheduling-1] LatinMockLogger - Receptum usor: Gary Leuschke
[INFO ] 2019-05-13 10:18:00.203 [scheduling-1] LatinMockLogger - PhoneNumber adaequationis - vetus phoneNumber: 1-190-935-1426 x0412
[INFO ] 2019-05-13 10:18:00.203 [scheduling-1] LatinMockLogger - PhoneNumber adaequationis - novus phoneNumber: 091.336.3895 x870
[INFO ] 2019-05-13 10:18:00.203 [scheduling-1] LatinMockLogger - Peto, ut id retreive: 760124+0380
[INFO ] 2019-05-13 10:18:00.203 [scheduling-1] LatinMockLogger - Receptum usor: Fern Wuckert
[INFO ] 2019-05-13 10:18:00.203 [scheduling-1] LatinMockLogger - De translatione: 72.11 € ut IBAN: JO41EPOO4686AQ97Lkx0jQeiI3MFr1
[INFO ] 2019-05-13 10:18:00.203 [scheduling-1] LatinMockLogger - Peto, ut id retreive: 681029-2570
[INFO ] 2019-05-13 10:18:00.203 [scheduling-1] LatinMockLogger - Receptum usor: Mariella Hettinger
[INFO ] 2019-05-13 10:18:00.203 [scheduling-1] LatinMockLogger - Adaequationis oratio - vetus inscriptio: Suite 259 098 Klein Throughway, Lawanafurt, SC 21558-2127
[INFO ] 2019-05-13 10:18:00.203 [scheduling-1] LatinMockLogger - Adaequationis oratio - novus oratio: Apt. 475 20015 Jefferson Divide, Runolfssonstad, LA 85825
[INFO ] 2019-05-13 10:18:00.203 [scheduling-1] LatinMockLogger - Peto, ut id retreive: 640627-3562
[INFO ] 2019-05-13 10:18:00.203 [scheduling-1] LatinMockLogger - Receptum usor: Alta Doyle DVM
[INFO ] 2019-05-13 10:18:00.203 [scheduling-1] LatinMockLogger - PhoneNumber adaequationis - vetus phoneNumber: 1-158-278-4893
[INFO ] 2019-05-13 10:18:00.203 [scheduling-1] LatinMockLogger - PhoneNumber adaequationis - novus phoneNumber: 036-564-7852 x774
[INFO ] 2019-05-13 10:18:00.203 [scheduling-1] LatinMockLogger - Peto, ut id retreive: 740506-1370
[INFO ] 2019-05-13 10:18:00.203 [scheduling-1] LatinMockLogger - Receptum usor: Shelba Rosenbaum
[INFO ] 2019-05-13 10:18:00.203 [scheduling-1] LatinMockLogger - De translatione: 31.07 € ut IBAN: FI6596613116493091
[INFO ] 2019-05-13 10:18:00.203 [scheduling-1] LatinMockLogger - Peto, ut id retreive: 620803-3602
[INFO ] 2019-05-13 10:18:00.203 [scheduling-1] LatinMockLogger - Receptum usor: Bryan Harris MD
[INFO ] 2019-05-13 10:18:00.203 [scheduling-1] LatinMockLogger - Adaequationis oratio - vetus inscriptio: 6415 Jeanetta Points, North Johnathan, OK 01157
[INFO ] 2019-05-13 10:18:00.203 [scheduling-1] LatinMockLogger - Adaequationis oratio - novus oratio: 956 Carmon Port, South Fred, DE 62724-1338
[INFO ] 2019-05-13 10:18:00.203 [scheduling-1] LatinMockLogger - Peto, ut id retreive: 310920+5124
[INFO ] 2019-05-13 10:18:00.203 [scheduling-1] LatinMockLogger - Receptum usor: Enrique Ryan DVM
[INFO ] 2019-05-13 10:18:00.203 [scheduling-1] LatinMockLogger - PhoneNumber adaequationis - vetus phoneNumber: 254.965.7735 x78033
[INFO ] 2019-05-13 10:18:00.203 [scheduling-1] LatinMockLogger - PhoneNumber adaequationis - novus phoneNumber: 1-429-297-4298
[INFO ] 2019-05-13 10:18:00.203 [scheduling-1] LatinMockLogger - Peto, ut id retreive: 201214+7043
[INFO ] 2019-05-13 10:18:00.203 [scheduling-1] LatinMockLogger - Receptum usor: Tasia Kutch
[INFO ] 2019-05-13 10:18:00.203 [scheduling-1] LatinMockLogger - De translatione: 62.63 € ut IBAN: BH55TNWYR8KyQE5LO039JJ
[INFO ] 2019-05-13 10:18:00.203 [scheduling-1] LatinMockLogger - Peto, ut id retreive: 450602-3748
[INFO ] 2019-05-13 10:18:00.203 [scheduling-1] LatinMockLogger - Receptum usor: Glynda Pollich
[INFO ] 2019-05-13 10:18:00.203 [scheduling-1] LatinMockLogger - Adaequationis oratio - vetus inscriptio: Suite 851 97325 Rocky Shore, South Dominick, DE 52051-4823
[INFO ] 2019-05-13 10:18:00.203 [scheduling-1] LatinMockLogger - Adaequationis oratio - novus oratio: 0409 Ferry Rue, Lake Liane, LA 78746
[INFO ] 2019-05-13 10:18:00.203 [scheduling-1] LatinMockLogger - Peto, ut id retreive: 400706+2146
[INFO ] 2019-05-13 10:18:00.204 [scheduling-1] LatinMockLogger - Receptum usor: Anderson Klocko
[INFO ] 2019-05-13 10:18:00.204 [scheduling-1] LatinMockLogger - PhoneNumber adaequationis - vetus phoneNumber: 1-787-240-4330
[INFO ] 2019-05-13 10:18:00.204 [scheduling-1] LatinMockLogger - PhoneNumber adaequationis - novus phoneNumber: 1-090-844-8567 x20338
[INFO ] 2019-05-13 10:18:00.204 [scheduling-1] LatinMockLogger - Peto, ut id retreive: 120626+5579
[INFO ] 2019-05-13 10:18:00.204 [scheduling-1] LatinMockLogger - Receptum usor: Scot Ward
[INFO ] 2019-05-13 10:18:00.204 [scheduling-1] LatinMockLogger - De translatione: 10.87 € ut IBAN: DK3613328432596331
[INFO ] 2019-05-13 10:18:00.204 [scheduling-1] LatinMockLogger - Peto, ut id retreive: 731005+0070
[INFO ] 2019-05-13 10:18:00.204 [scheduling-1] LatinMockLogger - Receptum usor: Ella O'Hara
[INFO ] 2019-05-13 10:18:00.204 [scheduling-1] LatinMockLogger - Adaequationis oratio - vetus inscriptio: 28182 Quitzon Spring, Chanellville, ND 56351-1000
[INFO ] 2019-05-13 10:18:00.204 [scheduling-1] LatinMockLogger - Adaequationis oratio - novus oratio: Apt. 926 36629 Douglas Burg, New Paulettestad, NY 18863
[INFO ] 2019-05-13 10:18:00.204 [scheduling-1] LatinMockLogger - Peto, ut id retreive: 270930-9674
[INFO ] 2019-05-13 10:18:00.204 [scheduling-1] LatinMockLogger - Receptum usor: Penny Boehm
[INFO ] 2019-05-13 10:18:00.204 [scheduling-1] LatinMockLogger - PhoneNumber adaequationis - vetus phoneNumber: 433-585-1439 x6720
[INFO ] 2019-05-13 10:18:00.204 [scheduling-1] LatinMockLogger - PhoneNumber adaequationis - novus phoneNumber: (110) 632-0753 x91893
[INFO ] 2019-05-13 10:18:00.204 [scheduling-1] LatinMockLogger - Peto, ut id retreive: 231011-7268
[INFO ] 2019-05-13 10:18:00.204 [scheduling-1] LatinMockLogger - Receptum usor: Debra Lang
[INFO ] 2019-05-13 10:18:00.204 [scheduling-1] LatinMockLogger - De translatione: 24.41 € ut IBAN: JO66AORG4633kz7kG197oYkt4Urp19
[INFO ] 2019-05-13 10:18:00.204 [scheduling-1] LatinMockLogger - Peto, ut id retreive: 920917-6990
[INFO ] 2019-05-13 10:18:00.204 [scheduling-1] LatinMockLogger - Receptum usor: Lorenzo Wilderman
[INFO ] 2019-05-13 10:18:00.204 [scheduling-1] LatinMockLogger - Adaequationis oratio - vetus inscriptio: Suite 052 12236 Becker Crossing, New Janina, UT 44408
[INFO ] 2019-05-13 10:18:00.204 [scheduling-1] LatinMockLogger - Adaequationis oratio - novus oratio: Apt. 658 571 Hoppe Loop, West Latoria, OR 94323
[INFO ] 2019-05-13 10:18:00.204 [scheduling-1] LatinMockLogger - Peto, ut id retreive: 010221+2784
[INFO ] 2019-05-13 10:18:00.204 [scheduling-1] LatinMockLogger - Receptum usor: Lizbeth Mraz
[INFO ] 2019-05-13 10:18:00.204 [scheduling-1] LatinMockLogger - PhoneNumber adaequationis - vetus phoneNumber: 991.849.5966 x839
[INFO ] 2019-05-13 10:18:00.204 [scheduling-1] LatinMockLogger - PhoneNumber adaequationis - novus phoneNumber: 1-187-331-1189
[INFO ] 2019-05-13 10:18:00.204 [scheduling-1] LatinMockLogger - Peto, ut id retreive: 771016-1600
[INFO ] 2019-05-13 10:18:00.204 [scheduling-1] LatinMockLogger - Receptum usor: Fabian Shields
[INFO ] 2019-05-13 10:18:00.204 [scheduling-1] LatinMockLogger - De translatione: 62.21 € ut IBAN: BR7923951107043148286136574LC
[INFO ] 2019-05-13 10:18:00.204 [scheduling-1] LatinMockLogger - Peto, ut id retreive: 421222-6536
[INFO ] 2019-05-13 10:18:00.204 [scheduling-1] LatinMockLogger - Receptum usor: Lynnette Dibbert
[INFO ] 2019-05-13 10:18:00.204 [scheduling-1] LatinMockLogger - Adaequationis oratio - vetus inscriptio: Suite 892 27136 Labadie Ridges, New Rikkiborough, IA 12436-6922
[INFO ] 2019-05-13 10:18:00.204 [scheduling-1] LatinMockLogger - Adaequationis oratio - novus oratio: Suite 649 73574 Hal Cape, Nolanberg, GA 70800-5119
[INFO ] 2019-05-13 10:18:00.204 [scheduling-1] LatinMockLogger - Peto, ut id retreive: 060415+9285
[INFO ] 2019-05-13 10:18:00.204 [scheduling-1] LatinMockLogger - Receptum usor: Mayra Rippin
[INFO ] 2019-05-13 10:18:00.204 [scheduling-1] LatinMockLogger - PhoneNumber adaequationis - vetus phoneNumber: 1-394-883-1996 x174
[INFO ] 2019-05-13 10:18:00.204 [scheduling-1] LatinMockLogger - PhoneNumber adaequationis - novus phoneNumber: (077) 896-1247
[INFO ] 2019-05-13 10:18:00.204 [scheduling-1] LatinMockLogger - Peto, ut id retreive: 411216-9869
[INFO ] 2019-05-13 10:18:00.204 [scheduling-1] LatinMockLogger - Receptum usor: Lashandra Kirlin
[INFO ] 2019-05-13 10:18:00.204 [scheduling-1] LatinMockLogger - De translatione: 3.88 € ut IBAN: HR2779168083441426573
[INFO ] 2019-05-13 10:18:00.204 [scheduling-1] LatinMockLogger - Peto, ut id retreive: 390228-7899
[INFO ] 2019-05-13 10:18:00.204 [scheduling-1] LatinMockLogger - Receptum usor: Burl Little V
[INFO ] 2019-05-13 10:18:00.204 [scheduling-1] LatinMockLogger - Adaequationis oratio - vetus inscriptio: 5428 Jami Forge, West Blancheburgh, WA 28747-1136
[INFO ] 2019-05-13 10:18:00.204 [scheduling-1] LatinMockLogger - Adaequationis oratio - novus oratio: 76557 Donovan Summit, Goyetteshire, AL 44179-5471
[INFO ] 2019-05-13 10:18:00.204 [scheduling-1] LatinMockLogger - Peto, ut id retreive: 940109+4546
[INFO ] 2019-05-13 10:18:00.204 [scheduling-1] LatinMockLogger - Receptum usor: Kirk Walsh
[INFO ] 2019-05-13 10:18:00.204 [scheduling-1] LatinMockLogger - PhoneNumber adaequationis - vetus phoneNumber: (318) 769-2238 x9100
[INFO ] 2019-05-13 10:18:00.204 [scheduling-1] LatinMockLogger - PhoneNumber adaequationis - novus phoneNumber: 1-669-848-1042 x94958
[INFO ] 2019-05-13 10:18:00.204 [scheduling-1] LatinMockLogger - Peto, ut id retreive: 330411+0574
[INFO ] 2019-05-13 10:18:00.204 [scheduling-1] LatinMockLogger - Receptum usor: Rosendo Jerde
[INFO ] 2019-05-13 10:18:00.204 [scheduling-1] LatinMockLogger - De translatione: 6.48 € ut IBAN: PL56591813534264310360218734
[INFO ] 2019-05-13 10:18:00.204 [scheduling-1] LatinMockLogger - Peto, ut id retreive: 920204+8170
[INFO ] 2019-05-13 10:18:00.204 [scheduling-1] LatinMockLogger - Receptum usor: Efren Shields II
[INFO ] 2019-05-13 10:18:00.204 [scheduling-1] LatinMockLogger - Adaequationis oratio - vetus inscriptio: Suite 008 518 Tamika Centers, North Parisview, IL 28707-8900
[INFO ] 2019-05-13 10:18:00.204 [scheduling-1] LatinMockLogger - Adaequationis oratio - novus oratio: 037 Grover Inlet, West Charley, HI 85981
[INFO ] 2019-05-13 10:18:00.204 [scheduling-1] LatinMockLogger - Peto, ut id retreive: 611106+2276
[INFO ] 2019-05-13 10:18:00.204 [scheduling-1] LatinMockLogger - Receptum usor: Riley Kuhlman
[INFO ] 2019-05-13 10:18:00.204 [scheduling-1] LatinMockLogger - PhoneNumber adaequationis - vetus phoneNumber: (491) 136-1982 x420
[INFO ] 2019-05-13 10:18:00.204 [scheduling-1] LatinMockLogger - PhoneNumber adaequationis - novus phoneNumber: (842) 250-5492 x9226
[INFO ] 2019-05-13 10:18:00.204 [scheduling-1] LatinMockLogger - Peto, ut id retreive: 590716+5392
[INFO ] 2019-05-13 10:18:00.204 [scheduling-1] LatinMockLogger - Receptum usor: Fiona Murphy
[INFO ] 2019-05-13 10:18:00.204 [scheduling-1] LatinMockLogger - De translatione: 83.57 € ut IBAN: LT813749247869901906
[INFO ] 2019-05-13 10:18:00.204 [scheduling-1] LatinMockLogger - Peto, ut id retreive: 820804+0181
[INFO ] 2019-05-13 10:18:00.204 [scheduling-1] LatinMockLogger - Receptum usor: Benedict Bosco Jr.
[INFO ] 2019-05-13 10:18:00.204 [scheduling-1] LatinMockLogger - Adaequationis oratio - vetus inscriptio: 8629 Kuphal Gardens, West Newton, WA 94975-2820
[INFO ] 2019-05-13 10:18:00.204 [scheduling-1] LatinMockLogger - Adaequationis oratio - novus oratio: Suite 480 670 Christiansen Divide, East Courtneyland, NE 54413
[INFO ] 2019-05-13 10:18:00.204 [scheduling-1] LatinMockLogger - Peto, ut id retreive: 140919-3206
[INFO ] 2019-05-13 10:18:00.204 [scheduling-1] LatinMockLogger - Receptum usor: Dr. Guy Hyatt
[INFO ] 2019-05-13 10:18:00.204 [scheduling-1] LatinMockLogger - PhoneNumber adaequationis - vetus phoneNumber: 246.060.0203
[INFO ] 2019-05-13 10:18:00.204 [scheduling-1] LatinMockLogger - PhoneNumber adaequationis - novus phoneNumber: 1-124-914-4999 x80712
[INFO ] 2019-05-13 10:18:00.205 [scheduling-1] LatinMockLogger - Peto, ut id retreive: 950404-1949
[INFO ] 2019-05-13 10:18:00.205 [scheduling-1] LatinMockLogger - Receptum usor: Mrs. Refugia Treutel
[INFO ] 2019-05-13 10:18:00.205 [scheduling-1] LatinMockLogger - De translatione: 74.71 € ut IBAN: AD5571943989j91V3etlhX94
[INFO ] 2019-05-13 10:18:00.205 [scheduling-1] LatinMockLogger - Peto, ut id retreive: 120828-7654
[INFO ] 2019-05-13 10:18:00.205 [scheduling-1] LatinMockLogger - Receptum usor: Isaiah Spinka
[INFO ] 2019-05-13 10:18:00.205 [scheduling-1] LatinMockLogger - Adaequationis oratio - vetus inscriptio: 12354 Schinner Isle, Fritschbury, HI 71499
[INFO ] 2019-05-13 10:18:00.205 [scheduling-1] LatinMockLogger - Adaequationis oratio - novus oratio: Apt. 738 43907 Manda Island, Lake Art, AZ 73366-9587
[INFO ] 2019-05-13 10:18:00.205 [scheduling-1] LatinMockLogger - Peto, ut id retreive: 711001+7584
[INFO ] 2019-05-13 10:18:00.205 [scheduling-1] LatinMockLogger - Receptum usor: Domingo Feest DDS
[INFO ] 2019-05-13 10:18:00.205 [scheduling-1] LatinMockLogger - PhoneNumber adaequationis - vetus phoneNumber: 1-293-832-9659
[INFO ] 2019-05-13 10:18:00.205 [scheduling-1] LatinMockLogger - PhoneNumber adaequationis - novus phoneNumber: (786) 997-8977 x60671
[INFO ] 2019-05-13 10:18:00.205 [scheduling-1] LatinMockLogger - Peto, ut id retreive: 710209+3718
[INFO ] 2019-05-13 10:18:00.205 [scheduling-1] LatinMockLogger - Receptum usor: Lurlene Beatty
[INFO ] 2019-05-13 10:18:00.205 [scheduling-1] LatinMockLogger - De translatione: 87.55 € ut IBAN: HU92764543712615397926033648
[INFO ] 2019-05-13 10:18:00.205 [scheduling-1] LatinMockLogger - Peto, ut id retreive: 760402-6422
[INFO ] 2019-05-13 10:18:00.205 [scheduling-1] LatinMockLogger - Receptum usor: Leandro Rogahn
[INFO ] 2019-05-13 10:18:00.205 [scheduling-1] LatinMockLogger - Adaequationis oratio - vetus inscriptio: 96329 Wehner Ferry, Rutherfordside, AL 55104
[INFO ] 2019-05-13 10:18:00.205 [scheduling-1] LatinMockLogger - Adaequationis oratio - novus oratio: 9909 Catherina Inlet, New Eldonhaven, MD 63245
[INFO ] 2019-05-13 10:18:00.205 [scheduling-1] LatinMockLogger - Peto, ut id retreive: 290613-1012
[INFO ] 2019-05-13 10:18:00.205 [scheduling-1] LatinMockLogger - Receptum usor: Carlton Welch PhD
[INFO ] 2019-05-13 10:18:00.205 [scheduling-1] LatinMockLogger - PhoneNumber adaequationis - vetus phoneNumber: 533-957-0707 x263
[INFO ] 2019-05-13 10:18:00.205 [scheduling-1] LatinMockLogger - PhoneNumber adaequationis - novus phoneNumber: (489) 180-6423 x5418
[INFO ] 2019-05-13 10:18:00.205 [scheduling-1] LatinMockLogger - Peto, ut id retreive: 621025-8114
[INFO ] 2019-05-13 10:18:00.205 [scheduling-1] LatinMockLogger - Receptum usor: Nolan Grimes
[INFO ] 2019-05-13 10:18:00.205 [scheduling-1] LatinMockLogger - De translatione: 16.61 € ut IBAN: NO9089438310555
[INFO ] 2019-05-13 10:18:00.205 [scheduling-1] LatinMockLogger - Peto, ut id retreive: 250730+5866
[INFO ] 2019-05-13 10:18:00.205 [scheduling-1] LatinMockLogger - Receptum usor: Kris Hilpert Sr.
[INFO ] 2019-05-13 10:18:00.205 [scheduling-1] LatinMockLogger - Adaequationis oratio - vetus inscriptio: Suite 006 6625 Marion Light, North Moseshire, VA 13016-1232
[INFO ] 2019-05-13 10:18:00.205 [scheduling-1] LatinMockLogger - Adaequationis oratio - novus oratio: Suite 146 823 Perry Freeway, Lake Arminda, WA 86767
[INFO ] 2019-05-13 10:18:00.205 [scheduling-1] LatinMockLogger - Peto, ut id retreive: 300821-6156
[INFO ] 2019-05-13 10:18:00.205 [scheduling-1] LatinMockLogger - Receptum usor: Miss Roberto Gislason
[INFO ] 2019-05-13 10:18:00.205 [scheduling-1] LatinMockLogger - PhoneNumber adaequationis - vetus phoneNumber: 1-213-117-8054
[INFO ] 2019-05-13 10:18:00.205 [scheduling-1] LatinMockLogger - PhoneNumber adaequationis - novus phoneNumber: 686-217-1375 x0144
[INFO ] 2019-05-13 10:18:00.205 [scheduling-1] LatinMockLogger - Peto, ut id retreive: 180602+6371
[INFO ] 2019-05-13 10:18:00.205 [scheduling-1] LatinMockLogger - Receptum usor: Mr. Mason Smith
[INFO ] 2019-05-13 10:18:00.205 [scheduling-1] LatinMockLogger - De translatione: 13.13 € ut IBAN: BA225914792544134508
[INFO ] 2019-05-13 10:18:00.205 [scheduling-1] LatinMockLogger - Peto, ut id retreive: 290417+6407
[INFO ] 2019-05-13 10:18:00.205 [scheduling-1] LatinMockLogger - Receptum usor: Mr. Trent Waelchi
[INFO ] 2019-05-13 10:18:00.205 [scheduling-1] LatinMockLogger - Adaequationis oratio - vetus inscriptio: 850 Flor Plain, North Juana, RI 50009-8607
[INFO ] 2019-05-13 10:18:00.205 [scheduling-1] LatinMockLogger - Adaequationis oratio - novus oratio: 8478 Rickie Gateway, North Kirby, KY 39421
[INFO ] 2019-05-13 10:18:00.205 [scheduling-1] LatinMockLogger - Peto, ut id retreive: 120925+6195
[INFO ] 2019-05-13 10:18:00.205 [scheduling-1] LatinMockLogger - Receptum usor: Jame Reinger II
[INFO ] 2019-05-13 10:18:00.205 [scheduling-1] LatinMockLogger - PhoneNumber adaequationis - vetus phoneNumber: 201.893.0199
[INFO ] 2019-05-13 10:18:00.205 [scheduling-1] LatinMockLogger - PhoneNumber adaequationis - novus phoneNumber: 335.818.0817
[INFO ] 2019-05-13 10:18:00.205 [scheduling-1] LatinMockLogger - Peto, ut id retreive: 901228+1078
[INFO ] 2019-05-13 10:18:00.205 [scheduling-1] LatinMockLogger - Receptum usor: Dr. Treena Carroll
[INFO ] 2019-05-13 10:18:00.205 [scheduling-1] LatinMockLogger - De translatione: 53.82 € ut IBAN: UA82877599tdy2zF7f55gE444IHy9
[INFO ] 2019-05-13 10:18:00.205 [scheduling-1] LatinMockLogger - Peto, ut id retreive: 240205-1250
[INFO ] 2019-05-13 10:18:00.205 [scheduling-1] LatinMockLogger - Receptum usor: Caren Ruecker
[INFO ] 2019-05-13 10:18:00.205 [scheduling-1] LatinMockLogger - Adaequationis oratio - vetus inscriptio: Apt. 720 8201 Hye Walk, North Yerport, ND 18324
[INFO ] 2019-05-13 10:18:00.205 [scheduling-1] LatinMockLogger - Adaequationis oratio - novus oratio: Apt. 243 57987 Forest Key, East Bretport, AK 30360-0845
[INFO ] 2019-05-13 10:18:00.205 [scheduling-1] LatinMockLogger - Peto, ut id retreive: 510621-2318
[INFO ] 2019-05-13 10:18:00.205 [scheduling-1] LatinMockLogger - Receptum usor: Miss Rodrick Buckridge
[INFO ] 2019-05-13 10:18:00.205 [scheduling-1] LatinMockLogger - PhoneNumber adaequationis - vetus phoneNumber: (796) 900-8647
[INFO ] 2019-05-13 10:18:00.205 [scheduling-1] LatinMockLogger - PhoneNumber adaequationis - novus phoneNumber: (564) 431-5140 x14157
[INFO ] 2019-05-13 10:18:00.205 [scheduling-1] LatinMockLogger - Peto, ut id retreive: 910927+7278
[INFO ] 2019-05-13 10:18:00.205 [scheduling-1] LatinMockLogger - Receptum usor: Victor Leuschke
[INFO ] 2019-05-13 10:18:00.205 [scheduling-1] LatinMockLogger - De translatione: 90.28 € ut IBAN: AD43675080371za9Mh63pf3S
[INFO ] 2019-05-13 10:18:00.205 [scheduling-1] LatinMockLogger - Peto, ut id retreive: 520717+1421
[INFO ] 2019-05-13 10:18:00.205 [scheduling-1] LatinMockLogger - Receptum usor: Rosalind Keebler DDS
[INFO ] 2019-05-13 10:18:00.205 [scheduling-1] LatinMockLogger - Adaequationis oratio - vetus inscriptio: 4115 Bonny Ferry, Shieldsfurt, AL 66728-0897
[INFO ] 2019-05-13 10:18:00.205 [scheduling-1] LatinMockLogger - Adaequationis oratio - novus oratio: 13974 Conn Union, Donnellyview, VA 64959-3797
[INFO ] 2019-05-13 10:18:00.205 [scheduling-1] LatinMockLogger - Peto, ut id retreive: 541101-2858
[INFO ] 2019-05-13 10:18:00.205 [scheduling-1] LatinMockLogger - Receptum usor: Danielle Braun
[INFO ] 2019-05-13 10:18:00.205 [scheduling-1] LatinMockLogger - PhoneNumber adaequationis - vetus phoneNumber: 1-844-815-0928
[INFO ] 2019-05-13 10:18:00.205 [scheduling-1] LatinMockLogger - PhoneNumber adaequationis - novus phoneNumber: 289-131-3249 x088
[INFO ] 2019-05-13 10:18:00.205 [scheduling-1] LatinMockLogger - Peto, ut id retreive: 930111+3024
[INFO ] 2019-05-13 10:18:00.206 [scheduling-1] LatinMockLogger - Receptum usor: Jamaal Maggio Sr.
[INFO ] 2019-05-13 10:18:00.206 [scheduling-1] LatinMockLogger - De translatione: 60.69 € ut IBAN: GR342866664af66m0y1061Mq3S3
[INFO ] 2019-05-13 10:18:00.206 [scheduling-1] LatinMockLogger - Peto, ut id retreive: 410210+8422
[INFO ] 2019-05-13 10:18:00.206 [scheduling-1] LatinMockLogger - Receptum usor: Autumn Zemlak
[INFO ] 2019-05-13 10:18:00.206 [scheduling-1] LatinMockLogger - Adaequationis oratio - vetus inscriptio: 50781 Michel Burgs, Florenciotown, TX 85974-3092
[INFO ] 2019-05-13 10:18:00.206 [scheduling-1] LatinMockLogger - Adaequationis oratio - novus oratio: 762 Kathryn Point, East Sydney, RI 48341-1922
[INFO ] 2019-05-13 10:18:00.206 [scheduling-1] LatinMockLogger - Peto, ut id retreive: 091030-1431
[INFO ] 2019-05-13 10:18:00.206 [scheduling-1] LatinMockLogger - Receptum usor: Virgilio Gerhold
[INFO ] 2019-05-13 10:18:00.206 [scheduling-1] LatinMockLogger - PhoneNumber adaequationis - vetus phoneNumber: (615) 611-4595 x12693
[INFO ] 2019-05-13 10:18:00.206 [scheduling-1] LatinMockLogger - PhoneNumber adaequationis - novus phoneNumber: 705.691.6690 x4657
[INFO ] 2019-05-13 10:18:00.206 [scheduling-1] LatinMockLogger - Peto, ut id retreive: 240408-6726
[INFO ] 2019-05-13 10:18:00.206 [scheduling-1] LatinMockLogger - Receptum usor: Harvey Tremblay
[INFO ] 2019-05-13 10:18:00.206 [scheduling-1] LatinMockLogger - De translatione: 26.11 € ut IBAN: AT402229211275817365
[INFO ] 2019-05-13 10:18:00.206 [scheduling-1] LatinMockLogger - Peto, ut id retreive: 540220+1528
[INFO ] 2019-05-13 10:18:00.206 [scheduling-1] LatinMockLogger - Receptum usor: Jerrie Thompson
[INFO ] 2019-05-13 10:18:00.206 [scheduling-1] LatinMockLogger - Adaequationis oratio - vetus inscriptio: 59961 Ismael Valleys, Port Danial, HI 70575
[INFO ] 2019-05-13 10:18:00.206 [scheduling-1] LatinMockLogger - Adaequationis oratio - novus oratio: Apt. 440 73424 Maritza Coves, Forrestburgh, AZ 51410
[INFO ] 2019-05-13 10:18:00.206 [scheduling-1] LatinMockLogger - Peto, ut id retreive: 230305+8131
[INFO ] 2019-05-13 10:18:00.206 [scheduling-1] LatinMockLogger - Receptum usor: Alton Nikolaus
[INFO ] 2019-05-13 10:18:00.206 [scheduling-1] LatinMockLogger - PhoneNumber adaequationis - vetus phoneNumber: 068.267.5129 x64162
[INFO ] 2019-05-13 10:18:00.206 [scheduling-1] LatinMockLogger - PhoneNumber adaequationis - novus phoneNumber: 1-200-954-0236 x1945
[INFO ] 2019-05-13 10:18:00.206 [scheduling-1] LatinMockLogger - Peto, ut id retreive: 990603-5101
[INFO ] 2019-05-13 10:18:00.206 [scheduling-1] LatinMockLogger - Receptum usor: Dana Howell
[INFO ] 2019-05-13 10:18:00.206 [scheduling-1] LatinMockLogger - De translatione: 99.44 € ut IBAN: SE4282776872568611962041
[INFO ] 2019-05-13 10:18:00.206 [scheduling-1] LatinMockLogger - Peto, ut id retreive: 370916-0646
[INFO ] 2019-05-13 10:18:00.206 [scheduling-1] LatinMockLogger - Receptum usor: Keven Stark
[INFO ] 2019-05-13 10:18:00.206 [scheduling-1] LatinMockLogger - Adaequationis oratio - vetus inscriptio: 631 Heathcote Groves, Kuvalishaven, NE 07477-9994
[INFO ] 2019-05-13 10:18:00.206 [scheduling-1] LatinMockLogger - Adaequationis oratio - novus oratio: Apt. 566 4089 Prosacco Crossing, Rowetown, WV 11666
[INFO ] 2019-05-13 10:18:00.206 [scheduling-1] LatinMockLogger - Peto, ut id retreive: 870413-8984
[INFO ] 2019-05-13 10:18:00.206 [scheduling-1] LatinMockLogger - Receptum usor: Elton Sporer
[INFO ] 2019-05-13 10:18:00.206 [scheduling-1] LatinMockLogger - PhoneNumber adaequationis - vetus phoneNumber: 1-829-371-8341
[INFO ] 2019-05-13 10:18:00.206 [scheduling-1] LatinMockLogger - PhoneNumber adaequationis - novus phoneNumber: 500-024-5861
[INFO ] 2019-05-13 10:18:00.206 [scheduling-1] LatinMockLogger - Peto, ut id retreive: 981128-9629
[INFO ] 2019-05-13 10:18:00.206 [scheduling-1] LatinMockLogger - Receptum usor: Truman Deckow DDS
[INFO ] 2019-05-13 10:18:00.206 [scheduling-1] LatinMockLogger - De translatione: 94.45 € ut IBAN: MK882889EIV2jui9K06
[INFO ] 2019-05-13 10:18:00.206 [scheduling-1] LatinMockLogger - Peto, ut id retreive: 130927+7364
[INFO ] 2019-05-13 10:18:00.206 [scheduling-1] LatinMockLogger - Receptum usor: Miguel Schuster
[INFO ] 2019-05-13 10:18:00.206 [scheduling-1] LatinMockLogger - Adaequationis oratio - vetus inscriptio: Apt. 088 0540 Funk Highway, Port Markview, MO 26879-5748
[INFO ] 2019-05-13 10:18:00.206 [scheduling-1] LatinMockLogger - Adaequationis oratio - novus oratio: 4011 Russel Keys, Krisland, AK 66429
[INFO ] 2019-05-13 10:18:00.206 [scheduling-1] LatinMockLogger - Peto, ut id retreive: 820514-4275
[INFO ] 2019-05-13 10:18:00.206 [scheduling-1] LatinMockLogger - Receptum usor: Gregory Kling MD
[INFO ] 2019-05-13 10:18:00.206 [scheduling-1] LatinMockLogger - PhoneNumber adaequationis - vetus phoneNumber: 581.519.2516
[INFO ] 2019-05-13 10:18:00.206 [scheduling-1] LatinMockLogger - PhoneNumber adaequationis - novus phoneNumber: 297.242.9254 x6616
[INFO ] 2019-05-13 10:18:00.206 [scheduling-1] LatinMockLogger - Peto, ut id retreive: 511002+7421
[INFO ] 2019-05-13 10:18:00.206 [scheduling-1] LatinMockLogger - Receptum usor: Johanna Ortiz
[INFO ] 2019-05-13 10:18:00.206 [scheduling-1] LatinMockLogger - De translatione: 18.06 € ut IBAN: SI12126156344260910
[INFO ] 2019-05-13 10:18:00.206 [scheduling-1] LatinMockLogger - Peto, ut id retreive: 990711+2560
[INFO ] 2019-05-13 10:18:00.206 [scheduling-1] LatinMockLogger - Receptum usor: Mr. Cherrie Ruecker
[INFO ] 2019-05-13 10:18:00.206 [scheduling-1] LatinMockLogger - Adaequationis oratio - vetus inscriptio: Apt. 822 540 Murazik Road, Gaylordmouth, OH 76525-2986
[INFO ] 2019-05-13 10:18:00.206 [scheduling-1] LatinMockLogger - Adaequationis oratio - novus oratio: 486 Bosco Prairie, Kipport, NE 14325-9210
[INFO ] 2019-05-13 10:18:00.206 [scheduling-1] LatinMockLogger - Peto, ut id retreive: 781110-9797
[INFO ] 2019-05-13 10:18:00.206 [scheduling-1] LatinMockLogger - Receptum usor: Mel Koepp
[INFO ] 2019-05-13 10:18:00.206 [scheduling-1] LatinMockLogger - PhoneNumber adaequationis - vetus phoneNumber: (904) 319-1552 x6290
[INFO ] 2019-05-13 10:18:00.206 [scheduling-1] LatinMockLogger - PhoneNumber adaequationis - novus phoneNumber: 421.731.6640 x8755
[INFO ] 2019-05-13 10:18:00.206 [scheduling-1] LatinMockLogger - Peto, ut id retreive: 971213-8198
[INFO ] 2019-05-13 10:18:00.206 [scheduling-1] LatinMockLogger - Receptum usor: Roscoe Hahn
[INFO ] 2019-05-13 10:18:00.206 [scheduling-1] LatinMockLogger - De translatione: 7.80 € ut IBAN: MK77781ZU74ld3WW109
[INFO ] 2019-05-13 10:18:00.206 [scheduling-1] LatinMockLogger - Peto, ut id retreive: 381223-8412
[INFO ] 2019-05-13 10:18:00.206 [scheduling-1] LatinMockLogger - Receptum usor: Moriah Dietrich
[INFO ] 2019-05-13 10:18:00.206 [scheduling-1] LatinMockLogger - Adaequationis oratio - vetus inscriptio: 358 Yen Vista, Shirleytown, NM 14092
[INFO ] 2019-05-13 10:18:00.206 [scheduling-1] LatinMockLogger - Adaequationis oratio - novus oratio: Apt. 507 198 Wolf Center, Okunevaborough, NY 33973-0578
[INFO ] 2019-05-13 10:18:00.206 [scheduling-1] LatinMockLogger - Peto, ut id retreive: 280707+0079
[INFO ] 2019-05-13 10:18:00.206 [scheduling-1] LatinMockLogger - Receptum usor: Dr. Janis Romaguera
[INFO ] 2019-05-13 10:18:00.206 [scheduling-1] LatinMockLogger - PhoneNumber adaequationis - vetus phoneNumber: 1-905-297-2733 x6894
[INFO ] 2019-05-13 10:18:00.206 [scheduling-1] LatinMockLogger - PhoneNumber adaequationis - novus phoneNumber: 652-660-2515 x09833
[INFO ] 2019-05-13 10:18:00.206 [scheduling-1] LatinMockLogger - Peto, ut id retreive: 261029+2159
[INFO ] 2019-05-13 10:18:00.206 [scheduling-1] LatinMockLogger - Receptum usor: Miss Gayle Wisoky
[INFO ] 2019-05-13 10:18:00.207 [scheduling-1] LatinMockLogger - De translatione: 51.40 € ut IBAN: BE71992899593048
[INFO ] 2019-05-13 10:18:00.207 [scheduling-1] LatinMockLogger - Peto, ut id retreive: 701211+9413
[INFO ] 2019-05-13 10:18:00.207 [scheduling-1] LatinMockLogger - Receptum usor: Tam Kunde
[INFO ] 2019-05-13 10:18:00.207 [scheduling-1] LatinMockLogger - Adaequationis oratio - vetus inscriptio: Suite 992 332 Carolyn Mill, South Kasey, MN 62260-9780
[INFO ] 2019-05-13 10:18:00.207 [scheduling-1] LatinMockLogger - Adaequationis oratio - novus oratio: 9498 Borer Key, South Jayburgh, ID 92608-1834
[INFO ] 2019-05-13 10:18:00.207 [scheduling-1] LatinMockLogger - Peto, ut id retreive: 200805+2454
[INFO ] 2019-05-13 10:18:00.207 [scheduling-1] LatinMockLogger - Receptum usor: Nilsa Stanton
[INFO ] 2019-05-13 10:18:00.207 [scheduling-1] LatinMockLogger - PhoneNumber adaequationis - vetus phoneNumber: 204.355.9840
[INFO ] 2019-05-13 10:18:00.207 [scheduling-1] LatinMockLogger - PhoneNumber adaequationis - novus phoneNumber: 078.070.7624 x650
[INFO ] 2019-05-13 10:18:00.207 [scheduling-1] LatinMockLogger - Peto, ut id retreive: 640104-4539
[INFO ] 2019-05-13 10:18:00.207 [scheduling-1] LatinMockLogger - Receptum usor: Miss Janis Huels
[INFO ] 2019-05-13 10:18:00.207 [scheduling-1] LatinMockLogger - De translatione: 73.81 € ut IBAN: BH21WAXUQYiRXAx3cU8Z5R
[INFO ] 2019-05-13 10:18:00.207 [scheduling-1] LatinMockLogger - Peto, ut id retreive: 360303-3444
[INFO ] 2019-05-13 10:18:00.207 [scheduling-1] LatinMockLogger - Receptum usor: Thurman Mayert
[INFO ] 2019-05-13 10:18:00.207 [scheduling-1] LatinMockLogger - Adaequationis oratio - vetus inscriptio: 908 Oberbrunner Lake, Buckridgeville, KY 39060
[INFO ] 2019-05-13 10:18:00.207 [scheduling-1] LatinMockLogger - Adaequationis oratio - novus oratio: 46853 Lehner Brook, Armandhaven, ME 43827
[INFO ] 2019-05-13 10:18:00.207 [scheduling-1] LatinMockLogger - Peto, ut id retreive: 820831+6151
[INFO ] 2019-05-13 10:18:00.207 [scheduling-1] LatinMockLogger - Receptum usor: Ernie Lindgren
[INFO ] 2019-05-13 10:18:00.207 [scheduling-1] LatinMockLogger - PhoneNumber adaequationis - vetus phoneNumber: 097-773-0899
[INFO ] 2019-05-13 10:18:00.207 [scheduling-1] LatinMockLogger - PhoneNumber adaequationis - novus phoneNumber: 1-485-003-9346
[INFO ] 2019-05-13 10:18:00.207 [scheduling-1] LatinMockLogger - Peto, ut id retreive: 751126-9008
[INFO ] 2019-05-13 10:18:00.207 [scheduling-1] LatinMockLogger - Receptum usor: Chuck Glover
[INFO ] 2019-05-13 10:18:00.207 [scheduling-1] LatinMockLogger - De translatione: 18.77 € ut IBAN: DK6957684765501729
[INFO ] 2019-05-13 10:18:00.207 [scheduling-1] LatinMockLogger - Peto, ut id retreive: 030328+6801
[INFO ] 2019-05-13 10:18:00.207 [scheduling-1] LatinMockLogger - Receptum usor: Saul Sauer Jr.
[INFO ] 2019-05-13 10:18:00.207 [scheduling-1] LatinMockLogger - Adaequationis oratio - vetus inscriptio: Suite 499 6277 Gordon Point, East Sean, AR 25103
[INFO ] 2019-05-13 10:18:00.207 [scheduling-1] LatinMockLogger - Adaequationis oratio - novus oratio: 763 Nereida Tunnel, North Naoma, TN 86489-2926
[INFO ] 2019-05-13 10:18:00.207 [scheduling-1] LatinMockLogger - Peto, ut id retreive: 460303-7054
[INFO ] 2019-05-13 10:18:00.207 [scheduling-1] LatinMockLogger - Receptum usor: Sal Hansen
[INFO ] 2019-05-13 10:18:00.207 [scheduling-1] LatinMockLogger - PhoneNumber adaequationis - vetus phoneNumber: 711.979.9212
[INFO ] 2019-05-13 10:18:00.207 [scheduling-1] LatinMockLogger - PhoneNumber adaequationis - novus phoneNumber: 1-742-892-5309 x2785
[INFO ] 2019-05-13 10:18:00.207 [scheduling-1] LatinMockLogger - Peto, ut id retreive: 091005+2802
[INFO ] 2019-05-13 10:18:00.207 [scheduling-1] LatinMockLogger - Receptum usor: Dr. Laquita Toy
[INFO ] 2019-05-13 10:18:00.207 [scheduling-1] LatinMockLogger - De translatione: 9.39 € ut IBAN: LV59CTLCsMgh7QgIn2IS9
[INFO ] 2019-05-13 10:18:00.207 [scheduling-1] LatinMockLogger - Peto, ut id retreive: 000520+6412
[INFO ] 2019-05-13 10:18:00.207 [scheduling-1] LatinMockLogger - Receptum usor: Hershel Schaden
[INFO ] 2019-05-13 10:18:00.207 [scheduling-1] LatinMockLogger - Adaequationis oratio - vetus inscriptio: Suite 394 634 Anh Drive, New Pilarmouth, AR 59274
[INFO ] 2019-05-13 10:18:00.207 [scheduling-1] LatinMockLogger - Adaequationis oratio - novus oratio: Apt. 774 827 Rosenbaum Gateway, Ankundingmouth, AR 54547-2022
[INFO ] 2019-05-13 10:18:00.207 [scheduling-1] LatinMockLogger - Peto, ut id retreive: 451009+6193
[INFO ] 2019-05-13 10:18:00.207 [scheduling-1] LatinMockLogger - Receptum usor: Milan Boyle
[INFO ] 2019-05-13 10:18:00.207 [scheduling-1] LatinMockLogger - PhoneNumber adaequationis - vetus phoneNumber: 919-858-3003 x28459
[INFO ] 2019-05-13 10:18:00.207 [scheduling-1] LatinMockLogger - PhoneNumber adaequationis - novus phoneNumber: (600) 313-6493 x9945
[INFO ] 2019-05-13 10:18:00.207 [scheduling-1] LatinMockLogger - Peto, ut id retreive: 350521+2229
[INFO ] 2019-05-13 10:18:00.207 [scheduling-1] LatinMockLogger - Receptum usor: Kris Ruecker V
[INFO ] 2019-05-13 10:18:00.207 [scheduling-1] LatinMockLogger - De translatione: 40.02 € ut IBAN: AD5146916772g5tGMOTSJ81l
[INFO ] 2019-05-13 10:18:00.207 [scheduling-1] LatinMockLogger - Peto, ut id retreive: 700601-5288
[INFO ] 2019-05-13 10:18:00.207 [scheduling-1] LatinMockLogger - Receptum usor: Zandra Stracke
[INFO ] 2019-05-13 10:18:00.207 [scheduling-1] LatinMockLogger - Adaequationis oratio - vetus inscriptio: Suite 463 116 Elodia Courts, New Joslyn, OR 17478-6463
[INFO ] 2019-05-13 10:18:00.207 [scheduling-1] LatinMockLogger - Adaequationis oratio - novus oratio: Suite 269 110 Rosanne Route, Glovermouth, AZ 22046-9918
[INFO ] 2019-05-13 10:18:00.207 [scheduling-1] LatinMockLogger - Peto, ut id retreive: 990925-1093
[INFO ] 2019-05-13 10:18:00.207 [scheduling-1] LatinMockLogger - Receptum usor: Shane Treutel II
[INFO ] 2019-05-13 10:18:00.207 [scheduling-1] LatinMockLogger - PhoneNumber adaequationis - vetus phoneNumber: 161-660-3722 x597
[INFO ] 2019-05-13 10:18:00.207 [scheduling-1] LatinMockLogger - PhoneNumber adaequationis - novus phoneNumber: 076-794-3827
[INFO ] 2019-05-13 10:18:00.207 [scheduling-1] LatinMockLogger - Peto, ut id retreive: 151117+6131
[INFO ] 2019-05-13 10:18:00.207 [scheduling-1] LatinMockLogger - Receptum usor: Danika O'Kon
[INFO ] 2019-05-13 10:18:00.207 [scheduling-1] LatinMockLogger - De translatione: 73.02 € ut IBAN: MC540270105005vM9eIkxfgvi05
[ERROR] 2019-05-13 10:18:00.219 [scheduling-1] LatinMockLogger - Throwing
java.nio.file.AccessDeniedException: Access denied on external payment system for id: 401102+8810
	at com.github.damianmcdonald.servicemock.AbstractMockLogger.getExceptions(AbstractMockLogger.java:31)
	at com.github.damianmcdonald.servicemock.AbstractMockLogger.generateException(AbstractMockLogger.java:23)
	at com.github.damianmcdonald.servicemock.loggers.latin.LatinMockLogger.scheduleFixedDelayTask(LatinMockLogger.java:66)
	at sun.reflect.NativeMethodAccessorImpl.invoke0(Native Method)
	at sun.reflect.NativeMethodAccessorImpl.invoke(NativeMethodAccessorImpl.java:62)
	at sun.reflect.DelegatingMethodAccessorImpl.invoke(DelegatingMethodAccessorImpl.java:43)
	at java.lang.reflect.Method.invoke(Method.java:498)
	at org.springframework.scheduling.support.ScheduledMethodRunnable.run(ScheduledMethodRunnable.java:84)
	at org.springframework.scheduling.support.DelegatingErrorHandlingRunnable.run(DelegatingErrorHandlingRunnable.java:54)
	at org.springframework.scheduling.concurrent.ReschedulingRunnable.run(ReschedulingRunnable.java:93)
	at java.util.concurrent.Executors$RunnableAdapter.call(Executors.java:511)
	at java.util.concurrent.FutureTask.run(FutureTask.java:266)
	at java.util.concurrent.ScheduledThreadPoolExecutor$ScheduledFutureTask.access$201(ScheduledThreadPoolExecutor.java:180)
	at java.util.concurrent.ScheduledThreadPoolExecutor$ScheduledFutureTask.run(ScheduledThreadPoolExecutor.java:293)
	at java.util.concurrent.ThreadPoolExecutor.runWorker(ThreadPoolExecutor.java:1149)
	at java.util.concurrent.ThreadPoolExecutor$Worker.run(ThreadPoolExecutor.java:624)
	at java.lang.Thread.run(Thread.java:748)
